#
# A fatal error has been detected by the Java Runtime Environment:
#
#  Internal Error (javaClasses.cpp:129), pid=2880, tid=8220
#  fatal error: Invalid layout of preloaded class
#
# JRE version: 7.0_17-b02
# Java VM: Java HotSpot(TM) 64-Bit Server VM (23.7-b01 mixed mode windows-amd64 compressed oops)
# Failed to write core dump. Minidumps are not enabled by default on client versions of Windows
#
# If you would like to submit a bug report, please visit:
#   http://bugreport.sun.com/bugreport/crash.jsp
#

---------------  T H R E A D  ---------------

Current thread (0x0000000002330800):  JavaThread "Unknown thread" [_thread_in_vm, id=8220, stack(0x0000000002230000,0x0000000002330000)]

Stack: [0x0000000002230000,0x0000000002330000]

---------------  P R O C E S S  ---------------

Java Threads: ( => current thread )

Other Threads:

=>0x0000000002330800 (exited) JavaThread "Unknown thread" [_thread_in_vm, id=8220, stack(0x0000000002230000,0x0000000002330000)]

VM state:not at safepoint (not fully initialized)

VM Mutex/Monitor currently owned by a thread: None

GC Heap History (0 events):
No events

Deoptimization events (0 events):
No events

Internal exceptions (0 events):
No events

Events (10 events):
Event: 0.008 loading class 0x0000000002382d40 done
Event: 0.008 loading class 0x00000000023456b0 done
Event: 0.008 loading class 0x0000000002345440
Event: 0.008 loading class 0x000000000a04e120
Event: 0.008 loading class 0x000000000a04e120 done
Event: 0.008 loading class 0x000000000a04e7e0
Event: 0.008 loading class 0x000000000a04e7e0 done
Event: 0.008 loading class 0x00000000023d19d0
Event: 0.008 loading class 0x00000000023d19d0 done
Event: 0.008 loading class 0x0000000002345440 done


Dynamic libraries:
0x000007f60c2d0000 - 0x000007f60c303000 	C:\Program Files\Java\jre7\bin\javaw.exe
0x000007fe60f40000 - 0x000007fe610fe000 	C:\windows\SYSTEM32\ntdll.dll
0x000007fe5fd20000 - 0x000007fe5fe56000 	C:\windows\system32\KERNEL32.DLL
0x000007fe5e1d0000 - 0x000007fe5e2c3000 	C:\windows\system32\KERNELBASE.dll
0x000007fe60c60000 - 0x000007fe60d3e000 	C:\windows\system32\ADVAPI32.dll
0x000007fe60b10000 - 0x000007fe60c5c000 	C:\windows\system32\USER32.dll
0x000007fe5b950000 - 0x000007fe5bbb9000 	C:\windows\WinSxS\amd64_microsoft.windows.common-controls_6595b64144ccf1df_6.0.9200.16384_none_418c2a697189c07f\COMCTL32.dll
0x000007fe60e80000 - 0x000007fe60f25000 	C:\windows\system32\msvcrt.dll
0x000007fe608f0000 - 0x000007fe60938000 	C:\windows\SYSTEM32\sechost.dll
0x000007fe5f820000 - 0x000007fe5f960000 	C:\windows\system32\RPCRT4.dll
0x000007fe60d40000 - 0x000007fe60e80000 	C:\windows\system32\GDI32.dll
0x000007fe60080000 - 0x000007fe600b9000 	C:\windows\system32\IMM32.DLL
0x000007fe607d0000 - 0x000007fe608e4000 	C:\windows\system32\MSCTF.dll
0x00000000571b0000 - 0x0000000057281000 	C:\Program Files\Java\jre7\bin\msvcr100.dll
0x0000000056a90000 - 0x00000000571af000 	C:\Program Files\Java\jre7\bin\server\jvm.dll
0x000007fe55420000 - 0x000007fe55429000 	C:\windows\SYSTEM32\WSOCK32.dll
0x000007fe59bb0000 - 0x000007fe59bd0000 	C:\windows\SYSTEM32\WINMM.dll
0x000007fe601c0000 - 0x000007fe601c7000 	C:\windows\system32\PSAPI.DLL
0x000007fe5e460000 - 0x000007fe5e4b8000 	C:\windows\system32\WS2_32.dll
0x000007fe59b60000 - 0x000007fe59b92000 	C:\windows\SYSTEM32\WINMMBASE.dll
0x000007fe60f30000 - 0x000007fe60f39000 	C:\windows\system32\NSI.dll
0x0000000058930000 - 0x000000005893f000 	C:\Program Files\Java\jre7\bin\verify.dll
0x0000000058900000 - 0x0000000058928000 	C:\Program Files\Java\jre7\bin\java.dll
0x00000000588e0000 - 0x00000000588f5000 	C:\Program Files\Java\jre7\bin\zip.dll

VM Arguments:
jvm_args: -Dfile.encoding=Cp1252 -Xbootclasspath:H:\Programs\adt-bundle-windows-x86_64-20130219\sdk\platforms\android-15\android.jar 
java_command: org.eclipse.jdt.internal.junit.runner.RemoteTestRunner -version 3 -port 61790 -testLoaderClass org.eclipse.jdt.internal.junit4.runner.JUnit4TestLoader -loaderpluginname org.eclipse.jdt.junit4.runtime -testNameFile C:\Users\HongZu\AppData\Local\Temp\testNames8633941436216497454.txt
Launcher Type: SUN_STANDARD

Environment Variables:
CLASSPATH=.;C:\Program Files (x86)\QuickTime\QTSystem\QTJava.zip
PATH=C:\Program Files (x86)\Intel\iCLS Client\;C:\Program Files\Intel\iCLS Client\;C:\Program Files (x86)\NVIDIA Corporation\PhysX\Common;C:\windows\system32;C:\windows;C:\windows\System32\Wbem;C:\windows\System32\WindowsPowerShell\v1.0\;C:\Program Files (x86)\Intel\OpenCL SDK\2.0\bin\x86;C:\Program Files (x86)\Intel\OpenCL SDK\2.0\bin\x64;C:\Program Files\Intel\Intel(R) Management Engine Components\DAL;C:\Program Files\Intel\Intel(R) Management Engine Components\IPT;C:\Program Files (x86)\Intel\Intel(R) Management Engine Components\DAL;C:\Program Files (x86)\Intel\Intel(R) Management Engine Components\IPT;C:\Program Files\Lenovo\Bluetooth Software\;C:\Program Files\Lenovo\Bluetooth Software\syswow64;C:\Program Files\Intel\WiFi\bin\;C:\Program Files\Common Files\Intel\WirelessCommon\;C:\Program Files (x86)\Autodesk\Backburner\;C:\Program Files\Common Files\Autodesk Shared\;c:\Program Files (x86)\Common Files\Ulead Systems\MPEG;C:\Program Files (x86)\QuickTime\QTSystem\
USERNAME=HongZu
OS=Windows_NT
PROCESSOR_IDENTIFIER=Intel64 Family 6 Model 58 Stepping 9, GenuineIntel



---------------  S Y S T E M  ---------------

OS: Windows 8 , 64 bit Build 9200 

CPU:total 8 (4 cores per cpu, 2 threads per core) family 6 model 58 stepping 9, cmov, cx8, fxsr, mmx, sse, sse2, sse3, ssse3, sse4.1, sse4.2, popcnt, avx, ht, tsc, tscinvbit, tscinv

Memory: 4k page, physical 6154000k(3722980k free), swap 12445456k(8977632k free)

vm_info: Java HotSpot(TM) 64-Bit Server VM (23.7-b01) for windows-amd64 JRE (1.7.0_17-b02), built on Mar  1 2013 03:38:30 by "java_re" with unknown MS VC++:1600

time: Tue Apr 02 01:13:13 2013
elapsed time: 0 seconds

